Number of faces :12.0
=============================================
Add face : 0
=============================================
Add face : 2
=============================================
Edit face : 4
=============================================
Edit vertex : 0
=============================================
Add vertex : 1
=============================================
Edit face : 1
=============================================
Edit face : 4
=============================================
Edit face : 5
=============================================
Edit face : 6
=============================================
Edit vertex : 1
=============================================
Add vertex : 2
=============================================
Edit vertex : 0
=============================================
Add vertex : 2
=============================================
Add face : 1
=============================================
Edit face : 6
=============================================
Edit face : 7
=============================================
Edit face : 8
=============================================
Add face : 9
=============================================
Edit vertex : 0
=============================================
Add vertex : 3
=============================================
Edit vertex : 2
=============================================
Add vertex : 3
=============================================
Edit face : 3
=============================================
Add face : 4
=============================================
Add face : 5
=============================================
Edit face : 10
=============================================
Edit vertex : 1
=============================================
Add vertex : 5
=============================================
Edit vertex : 0
=============================================
Add vertex : 5
=============================================
Add face : 3
=============================================
Add face : 8
=============================================
Edit face : 10
=============================================
Edit face : 11
=============================================
Edit vertex : 0
=============================================
Add vertex : 4
=============================================
Edit vertex : 4
=============================================
Add vertex : 5
=============================================
Edit vertex : 2
=============================================
Add vertex : 5
=============================================
Edit face : 6
=============================================
Edit face : 7
=============================================
Edit face : 10
=============================================
Edit face : 11
=============================================
Edit vertex : 2
=============================================
Add vertex : 6
=============================================
Edit vertex : 5
=============================================
Add vertex : 6
=============================================
Edit vertex : 3
=============================================
Add vertex : 6
=============================================
Edit face : 7
=============================================
Edit face : 11
=============================================
Edit vertex : 3
=============================================
Add vertex : 7
=============================================
Edit vertex : 6
=============================================
Add vertex : 7
=============================================
Edit vertex : 3
=============================================
Add vertex : 4
=============================================
Edit vertex : 4
=============================================
Add vertex : 7
=============================================
Edit vertex : 4
=============================================
Add vertex : 6
=============================================
Add vertex : 0
=============================================
Add face : 6
=============================================
Add face : 7
=============================================
Add face : 10
=============================================
Add face : 11
=============================================
TranscriptionTable(name=Faces, table=[None None None None None None None None None None None 0])
=============================================
TranscriptionTable(name=Points, table=[None None None None None None None None])
=============================================

==================[ERROR]====================
Traceback (most recent call last):
  File "C:\Users\Thomas\Documents\SN\3A\projet-csi3d\obja\decimate_cpm.py", line 161, in compression_algorithm
    self.writer.write_output()
  File "C:\Users\Thomas\Documents\SN\3A\projet-csi3d\obja\writer.py", line 196, in write_output
    self.__add_face_output(indexModel, value, color)
  File "C:\Users\Thomas\Documents\SN\3A\projet-csi3d\obja\writer.py", line 142, in __add_face_output
    pointFaceObja = self.__faceIndexModel_2_faceObjaModel(face)
                    ^^^^^^^^^^^^^^^^^^^^^^^^^^^^^^^^^^^^^^^^^^^
  File "C:\Users\Thomas\Documents\SN\3A\projet-csi3d\obja\writer.py", line 108, in __faceIndexModel_2_faceObjaModel
    a = self.pointTable.getObjaInd(face.a)
        ^^^^^^^^^^^^^^^^^^^^^^^^^^^^^^^^^^
  File "C:\Users\Thomas\Documents\SN\3A\projet-csi3d\obja\transcriptionTable.py", line 56, in getObjaInd
    raise ObjaNotFoundError(model_idx)
transcriptionTable.ObjaNotFoundError: this model index does not correspond to any object index: 0

=============================================
