Number of faces :12.0
=============================================
Add face : 0
=============================================
Add face : 2
=============================================
Edit face : 4
=============================================
Edit vertex : 0
=============================================
Add vertex : 1
=============================================
Edit face : 1
=============================================
Edit face : 4
=============================================
Edit face : 5
=============================================
Edit face : 6
=============================================
Edit vertex : 1
=============================================
Add vertex : 2
=============================================
Edit vertex : 0
=============================================
Add vertex : 2
=============================================
Add face : 1
=============================================
Edit face : 6
=============================================
Edit face : 7
=============================================
Edit face : 8
=============================================
Add face : 9
=============================================
Edit vertex : 0
=============================================
Add vertex : 3
=============================================
Edit vertex : 2
=============================================
Add vertex : 3
=============================================
Edit face : 3
=============================================
Add face : 4
=============================================
Add face : 5
=============================================
Edit face : 10
=============================================
Edit vertex : 1
=============================================
Add vertex : 5
=============================================
Edit vertex : 0
=============================================
Add vertex : 5
=============================================
Add face : 3
=============================================
Add face : 8
=============================================
Edit face : 10
=============================================
Edit face : 11
=============================================
Edit vertex : 0
=============================================
Add vertex : 4
=============================================
Edit vertex : 4
=============================================
Add vertex : 5
=============================================
Edit vertex : 2
=============================================
Add vertex : 5
=============================================
Edit face : 6
=============================================
Edit face : 7
=============================================
Edit face : 10
=============================================
Edit face : 11
=============================================
Edit vertex : 2
=============================================
Add vertex : 6
=============================================
Edit vertex : 5
=============================================
Add vertex : 6
=============================================
Edit vertex : 3
=============================================
Add vertex : 6
=============================================
Edit face : 7
=============================================
Edit face : 11
=============================================
Edit vertex : 3
=============================================
Add vertex : 7
=============================================
Edit vertex : 6
=============================================
Add vertex : 7
=============================================
Edit vertex : 3
=============================================
Add vertex : 4
=============================================
Edit vertex : 4
=============================================
Add vertex : 7
=============================================
Edit vertex : 4
=============================================
Add vertex : 6
=============================================
Add vertex : 0
=============================================
Add face : 6
=============================================
Add face : 7
=============================================
Add face : 10
=============================================
Add face : 11
=============================================

==================[ERROR]====================
this model index does not correspond to any object index: 0
=============================================
